build/app/outputs/mapping/release/seeds.txt
com.example.recipe_app.MainActivity
com.example.recipe_app.MainActivity: MainActivity()
...
com.google.protobuf.GeneratedMessageLite: int memoizedSerializedSize
androidx.window.layout.HardwareFoldingFeature: HardwareFoldingFeature(androidx.window.core.Bounds,androidx.window.layout.HardwareFoldingFeature$Type,androidx.window.layout.FoldingFeature$State)
io.flutter.view.AccessibilityBridge$Flag: io.flutter.view.AccessibilityBridge$Flag[] values()
com.google.android.gms.signin.internal.zaa: android.os.Parcelable$Creator CREATOR
com.google.firestore.v1.TransactionOptions: java.lang.Object mode_
com.google.firestore.v1.TransactionOptions$ReadWrite: com.google.protobuf.Parser PARSER
io.flutter.view.AccessibilityViewEmbedder: java.util.Map embeddedViewToDisplayBounds
com.google.firestore.v1.Write: int UPDATE_MASK_FIELD_NUMBER
io.flutter.plugin.editing.ImeSyncDeferringInsetsCallback$AnimationCallback: void onPrepare(android.view.WindowInsetsAnimation)
androidx.window.layout.WindowMetricsCalculatorCompat: android.graphics.Rect computeWindowBoundsQ$window_release(android.app.Activity)
kotlin.coroutines.AbstractCoroutineContextElement: kotlin.coroutines.CoroutineContext minusKey(kotlin.coroutines.CoroutineContext$Key)
io.flutter.embedding.engine.FlutterJNI: void attachToNative()
androidx.window.layout.FoldingFeature$Orientation
androidx.window.layout.WindowMetricsCalculator
com.google.firebase.firestore.FirebaseFirestoreException$Code: com.google.firebase.firestore.FirebaseFirestoreException$Code[] values()
io.flutter.embedding.engine.FlutterJNI: void nativeDispatchPlatformMessage(long,java.lang.String,java.nio.ByteBuffer,int,int)
com.google.firebase.firestore.proto.WriteBatch
io.flutter.embedding.engine.FlutterJNI: void nativeDispatchSemanticsAction(long,int,int,java.nio.ByteBuffer,int)
kotlin.coroutines.jvm.internal.ContinuationImpl: kotlin.coroutines.CoroutineContext _context
com.google.firestore.v1.Value: int NULL_VALUE_FIELD_NUMBER
com.google.firebase.components.ComponentDiscoveryService: ComponentDiscoveryService()
androidx.window.layout.WindowInfoTracker$Companion: androidx.window.layout.WindowInfoTrackerDecorator decorator
com.google.android.gms.auth.api.signin.GoogleSignInAccount: android.os.Parcelable$Creator CREATOR
com.google.firestore.admin.v1.Index
com.google.firestore.v1.Target$DocumentsTarget: com.google.firestore.v1.Target$DocumentsTarget DEFAULT_INSTANCE
androidx.window.layout.SidecarWindowBackend: androidx.window.layout.SidecarWindowBackend$Companion Companion
kotlin.coroutines.AbstractCoroutineContextElement: java.lang.Object fold(java.lang.Object,kotlin.jvm.functions.Function2)
io.flutter.embedding.engine.systemchannels.PlatformChannel$DeviceOrientation: io.flutter.embedding.engine.systemchannels.PlatformChannel$DeviceOrientation valueOf(java.lang.String)
com.google.firestore.v1.WriteRequest: int DATABASE_FIELD_NUMBER
io.flutter.embedding.engine.FlutterJNI: boolean isCodePointRegionalIndicator(int)
io.flutter.view.FlutterCallbackInformation: io.flutter.view.FlutterCallbackInformation lookupCallbackInformation(long)
androidx.window.embedding.EmbeddingTranslatingCallback: androidx.window.embedding.EmbeddingAdapter adapter
io.flutter.view.AccessibilityBridge$Flag: io.flutter.view.AccessibilityBridge$Flag valueOf(java.lang.String)
com.google.firestore.v1.DocumentRemove: java.lang.String document_
com.google.firestore.v1.StructuredQuery$Projection: com.google.protobuf.Internal$ProtobufList fields_
com.google.firestore.v1.StructuredQuery$UnaryFilter: int OP_FIELD_NUMBER
io.grpc.okhttp.internal.framed.ErrorCode: io.grpc.okhttp.internal.framed.ErrorCode[] values()
com.google.firestore.v1.StructuredQuery: int LIMIT_FIELD_NUMBER
com.google.type.LatLng: int LATITUDE_FIELD_NUMBER
com.google.firestore.v1.ArrayValue
com.google.firebase.firestore.FirebaseFirestoreException$Code: com.google.firebase.firestore.FirebaseFirestoreException$Code valueOf(java.lang.String)
androidx.window.layout.SidecarCompat$DistinctSidecarElementCallback: androidx.window.sidecar.SidecarDeviceState lastDeviceState