build/app/outputs/mapping/release/mapping.txt
# compiler: R8
# compiler_version: 2.1.62
# min_api: 21
# pg_map_id: eb4623b
# common_typos_disable
...
io.flutter.embedding.engine.dart.DartMessenger -> io.flutter.embedding.engine.f.c:
    io.flutter.embedding.engine.FlutterJNI flutterJNI -> a
    java.util.Map messageHandlers -> b
    java.util.Map bufferedMessages -> c
    java.util.concurrent.atomic.AtomicBoolean enableBufferingIncomingMessages -> e
    io.flutter.embedding.engine.dart.DartMessenger$DartMessengerTaskQueue platformTaskQueue -> h
    java.util.WeakHashMap createdTaskQueues -> i
    java.lang.Object handlersLock -> d
    int nextReplyId -> g
    java.util.Map pendingReplies -> f
    void send(java.lang.String,java.nio.ByteBuffer,io.flutter.plugin.common.BinaryMessenger$BinaryReply) -> a
    void send(java.lang.String,java.nio.ByteBuffer) -> b
    void setMessageHandler(java.lang.String,io.flutter.plugin.common.BinaryMessenger$BinaryMessageHandler) -> c
    void handlePlatformMessageResponse(int,java.nio.ByteBuffer) -> d
    void handleMessageFromDart(java.lang.String,java.nio.ByteBuffer,int,long) -> e
    void setMessageHandler(java.lang.String,io.flutter.plugin.common.BinaryMessenger$BinaryMessageHandler,io.flutter.plugin.common.BinaryMessenger$TaskQueue) -> f
    void dispatchMessageToQueue(java.lang.String,io.flutter.embedding.engine.dart.DartMessenger$HandlerInfo,java.nio.ByteBuffer,int,long) -> g
    void handleError(java.lang.Error) -> h
    void invokeHandler(io.flutter.embedding.engine.dart.DartMessenger$HandlerInfo,java.nio.ByteBuffer,int) -> i
io.flutter.embedding.engine.dart.DartMessenger$BufferedMessageInfo -> io.flutter.embedding.engine.f.c$a:
    long messageData -> c
    int replyId -> b
    java.nio.ByteBuffer message -> a
io.flutter.embedding.engine.dart.DartMessenger$DartMessengerTaskQueue -> io.flutter.embedding.engine.f.c$b:
    void dispatch(java.lang.Runnable) -> a
io.flutter.embedding.engine.dart.DartMessenger$DefaultTaskQueueFactory -> io.flutter.embedding.engine.f.c$c:
io.flutter.embedding.engine.dart.DartMessenger$HandlerInfo -> io.flutter.embedding.engine.f.c$d:
    io.flutter.plugin.common.BinaryMessenger$BinaryMessageHandler handler -> a
    io.flutter.embedding.engine.dart.DartMessenger$DartMessengerTaskQueue taskQueue -> b
io.flutter.embedding.engine.dart.DartMessenger$Reply -> io.flutter.embedding.engine.f.c$e:
    io.flutter.embedding.engine.FlutterJNI flutterJNI -> a
    java.util.concurrent.atomic.AtomicBoolean done -> c
    int replyId -> b
    void reply(java.nio.ByteBuffer) -> a
io.flutter.embedding.engine.dart.DartMessenger$TaskQueueFactory -> io.flutter.embedding.engine.f.c$f:
io.flutter.embedding.engine.dart.PlatformMessageHandler -> io.flutter.embedding.engine.f.d:
    void handlePlatformMessageResponse(int,java.nio.ByteBuffer) -> d
    void handleMessageFromDart(java.lang.String,java.nio.ByteBuffer,int,long) -> e
io.flutter.embedding.engine.dart.PlatformTaskQueue -> io.flutter.embedding.engine.f.e:
    android.os.Handler handler -> a
    void dispatch(java.lang.Runnable) -> a
io.flutter.embedding.engine.deferredcomponents.DeferredComponentManager -> io.flutter.embedding.engine.g.a:
    java.lang.String getDeferredComponentInstallState(int,java.lang.String) -> a
    void destroy() -> b
    void installDeferredComponent(int,java.lang.String) -> c
    boolean uninstallDeferredComponent(int,java.lang.String) -> d
    void setJNI(io.flutter.embedding.engine.FlutterJNI) -> e
    void setDeferredComponentChannel(io.flutter.embedding.engine.systemchannels.DeferredComponentChannel) -> f
io.flutter.embedding.engine.loader.-$$Lambda$FlutterLoader$1$7aDWRJH5QhLJRySlof0NX61HOhE -> io.flutter.embedding.engine.h.a:
    io.flutter.embedding.engine.loader.FlutterLoader$1 f$0 -> d