build/app/outputs/mapping/release/usage.txt
com.example.recipe_app.R$dimen
com.example.recipe_app.R$raw
com.example.recipe_app.R$styleable
com.example.recipe_app.BuildConfig
com.example.recipe_app.R$color
com.example.recipe_app.R$layout
com.example.recipe_app.R$id
com.example.recipe_app.R$integer
com.example.recipe_app.R$mipmap
com.example.recipe_app.R$string
com.example.recipe_app.R$attr
com.example.recipe_app.R
com.example.recipe_app.R$drawable
com.example.recipe_app.R$style
...
com.google.api.Context
io.flutter.FlutterInjector:
    public static void setInstance(io.flutter.FlutterInjector)
    public static void reset()
com.google.common.collect.Maps$BiMapConverter
com.google.common.collect.Iterables$7
com.google.common.collect.ForwardingMap$StandardValues
com.google.common.collect.RangeMap
androidx.activity.ComponentActivity:
    public void <init>(int)
    public java.lang.Object getLastCustomNonConfigurationInstance()
com.google.common.primitives.ImmutableDoubleArray$AsList
kotlin.UShortKt
com.google.errorprone.annotations.InlineMeValidationDisabled
com.google.rpc.context.AttributeContextProto
com.google.common.collect.ImmutableEnumMap
com.google.android.gms.common.api.internal.zaad:
    static synthetic bridge java.util.Map zaa(com.google.android.gms.common.api.internal.zaad)
    final void zac(com.google.android.gms.common.api.internal.BasePendingResult,boolean)
com.google.common.primitives.Doubles$LexicographicalComparator
kotlin.text.Regex$findAll$2
io.grpc.util.ForwardingSubchannel
com.google.common.base.CaseFormat$5
androidx.core.text.HtmlCompat
com.google.android.gms.common.server.response.FastSafeParcelableJsonResponse
androidx.core.view.accessibility.AccessibilityRecordCompat
io.grpc.Metadata:
    private java.lang.Object valueAsBytesOrStream(int)
    static synthetic int access$100(io.grpc.Metadata)
    static synthetic byte[] access$300(io.grpc.Metadata,int)
    static synthetic boolean access$400(io.grpc.Metadata,byte[],byte[])
    static synthetic java.lang.Object access$500(io.grpc.Metadata,int,io.grpc.Metadata$Key)
    public boolean containsKey(io.grpc.Metadata$Key)
    public java.lang.Iterable getAll(io.grpc.Metadata$Key)
    public boolean remove(io.grpc.Metadata$Key,java.lang.Object)
    public java.lang.Iterable removeAll(io.grpc.Metadata$Key)
    java.lang.Object[] serializePartial()
    public void merge(io.grpc.Metadata,java.util.Set)
    public static final java.lang.String BINARY_HEADER_SUFFIX
com.google.longrunning.ListOperationsResponse$1
androidx.versionedparcelable.VersionedParcelStream$FieldBuffer
com.google.firestore.v1.ArrayValue:
    private void setValues(int,com.google.firestore.v1.Value)
    private void addValues(int,com.google.firestore.v1.Value)
    private void clearValues()
    public static com.google.firestore.v1.ArrayValue parseFrom(java.nio.ByteBuffer)
    public static com.google.firestore.v1.ArrayValue parseFrom(java.nio.ByteBuffer,com.google.protobuf.ExtensionRegistryLite)
    public static com.google.firestore.v1.ArrayValue parseFrom(com.google.protobuf.ByteString)
    public static com.google.firestore.v1.ArrayValue parseFrom(com.google.protobuf.ByteString,com.google.protobuf.ExtensionRegistryLite)
    public static com.google.firestore.v1.ArrayValue parseFrom(byte[])
    public static com.google.firestore.v1.ArrayValue parseFrom(byte[],com.google.protobuf.ExtensionRegistryLite)
    public static com.google.firestore.v1.ArrayValue parseFrom(java.io.InputStream)
    public static com.google.firestore.v1.ArrayValue parseFrom(java.io.InputStream,com.google.protobuf.ExtensionRegistryLite)
    public static com.google.firestore.v1.ArrayValue parseDelimitedFrom(java.io.InputStream)
    public static com.google.firestore.v1.ArrayValue parseDelimitedFrom(java.io.InputStream,com.google.protobuf.ExtensionRegistryLite)
    public static com.google.firestore.v1.ArrayValue parseFrom(com.google.protobuf.CodedInputStream)
    public static com.google.firestore.v1.ArrayValue parseFrom(com.google.protobuf.CodedInputStream,com.google.protobuf.ExtensionRegistryLite)
com.google.common.collect.HashBasedTable
com.google.common.primitives.ImmutableIntArray$Builder
com.google.gson.internal.sql.SqlTimestampTypeAdapter$1
com.google.protobuf.BinaryReader:
    public abstract int getTotalBytesRead()
    public boolean shouldDiscardUnknownFields()
    private static final int FIXED32_MULTIPLE_MASK
    private static final int FIXED64_MULTIPLE_MASK
com.squareup.okhttp.Dns$1